{"/Users/aspin25/Coding/Term 7/few_assessments/index.js": {"path":"/Users/aspin25/Coding/Term 7/few_assessments/index.js","statementMap":{"0":{"start":{"line":1,"column":27},"end":{"line":58,"column":3}},"1":{"start":{"line":15,"column":8},"end":{"line":15,"column":40}},"2":{"start":{"line":15,"column":30},"end":{"line":15,"column":38}},"3":{"start":{"line":16,"column":8},"end":{"line":16,"column":23}},"4":{"start":{"line":17,"column":8},"end":{"line":20,"column":10}},"5":{"start":{"line":18,"column":12},"end":{"line":18,"column":38}},"6":{"start":{"line":19,"column":12},"end":{"line":19,"column":23}},"7":{"start":{"line":21,"column":8},"end":{"line":24,"column":10}},"8":{"start":{"line":22,"column":12},"end":{"line":22,"column":38}},"9":{"start":{"line":23,"column":12},"end":{"line":23,"column":23}},"10":{"start":{"line":25,"column":8},"end":{"line":28,"column":10}},"11":{"start":{"line":26,"column":12},"end":{"line":26,"column":38}},"12":{"start":{"line":27,"column":12},"end":{"line":27,"column":23}},"13":{"start":{"line":29,"column":8},"end":{"line":34,"column":10}},"14":{"start":{"line":30,"column":12},"end":{"line":30,"column":28}},"15":{"start":{"line":31,"column":12},"end":{"line":31,"column":33}},"16":{"start":{"line":32,"column":12},"end":{"line":32,"column":28}},"17":{"start":{"line":33,"column":12},"end":{"line":33,"column":40}},"18":{"start":{"line":43,"column":4},"end":{"line":56,"column":6}},"19":{"start":{"line":45,"column":19},"end":{"line":45,"column":21}},"20":{"start":{"line":46,"column":8},"end":{"line":49,"column":9}},"21":{"start":{"line":47,"column":12},"end":{"line":47,"column":27}},"22":{"start":{"line":48,"column":12},"end":{"line":48,"column":21}},"23":{"start":{"line":51,"column":8},"end":{"line":51,"column":23}},"24":{"start":{"line":55,"column":8},"end":{"line":55,"column":61}},"25":{"start":{"line":57,"column":4},"end":{"line":57,"column":17}},"26":{"start":{"line":59,"column":8},"end":{"line":59,"column":22}},"27":{"start":{"line":60,"column":0},"end":{"line":60,"column":19}},"28":{"start":{"line":61,"column":0},"end":{"line":61,"column":22}},"29":{"start":{"line":62,"column":0},"end":{"line":62,"column":25}},"30":{"start":{"line":63,"column":0},"end":{"line":63,"column":25}},"31":{"start":{"line":64,"column":0},"end":{"line":64,"column":23}},"32":{"start":{"line":65,"column":0},"end":{"line":65,"column":32}},"33":{"start":{"line":66,"column":0},"end":{"line":66,"column":29}}},"fnMap":{"0":{"name":"(anonymous_0)","decl":{"start":{"line":1,"column":27},"end":{"line":1,"column":28}},"loc":{"start":{"line":1,"column":39},"end":{"line":58,"column":1}},"line":1},"1":{"name":"Maths","decl":{"start":{"line":14,"column":13},"end":{"line":14,"column":18}},"loc":{"start":{"line":14,"column":24},"end":{"line":35,"column":5}},"line":14},"2":{"name":"(anonymous_2)","decl":{"start":{"line":17,"column":20},"end":{"line":17,"column":21}},"loc":{"start":{"line":17,"column":32},"end":{"line":20,"column":9}},"line":17},"3":{"name":"(anonymous_3)","decl":{"start":{"line":21,"column":23},"end":{"line":21,"column":24}},"loc":{"start":{"line":21,"column":35},"end":{"line":24,"column":9}},"line":21},"4":{"name":"(anonymous_4)","decl":{"start":{"line":25,"column":23},"end":{"line":25,"column":24}},"loc":{"start":{"line":25,"column":35},"end":{"line":28,"column":9}},"line":25},"5":{"name":"(anonymous_5)","decl":{"start":{"line":29,"column":21},"end":{"line":29,"column":22}},"loc":{"start":{"line":29,"column":33},"end":{"line":34,"column":9}},"line":29},"6":{"name":"(anonymous_6)","decl":{"start":{"line":43,"column":29},"end":{"line":43,"column":30}},"loc":{"start":{"line":43,"column":49},"end":{"line":56,"column":5}},"line":43}},"branchMap":{"0":{"loc":{"start":{"line":15,"column":8},"end":{"line":15,"column":40}},"type":"if","locations":[{"start":{"line":15,"column":8},"end":{"line":15,"column":40}},{"start":{"line":15,"column":8},"end":{"line":15,"column":40}}],"line":15}},"s":{"0":1,"1":9,"2":0,"3":9,"4":9,"5":3,"6":3,"7":9,"8":3,"9":3,"10":9,"11":3,"12":3,"13":9,"14":3,"15":3,"16":3,"17":3,"18":1,"19":1,"20":1,"21":555,"22":555,"23":1,"24":1,"25":1,"26":1,"27":1,"28":1,"29":1,"30":1,"31":1,"32":1,"33":1},"f":{"0":1,"1":9,"2":3,"3":3,"4":3,"5":3,"6":1},"b":{"0":[0,9]},"_coverageSchema":"1a1c01bbd47fc00a2c39e90264f33305004495a9","hash":"0a7a6af3ec8b94c80d9e450ed5cab7ebe1726d69"}
}
