TN:
SF:index.js
FN:1,(anonymous_0)
FN:14,Maths
FN:17,(anonymous_2)
FN:21,(anonymous_3)
FN:25,(anonymous_4)
FN:29,(anonymous_5)
FN:43,(anonymous_6)
FNF:7
FNH:7
FNDA:1,(anonymous_0)
FNDA:9,Maths
FNDA:3,(anonymous_2)
FNDA:3,(anonymous_3)
FNDA:3,(anonymous_4)
FNDA:3,(anonymous_5)
FNDA:1,(anonymous_6)
DA:1,1
DA:15,9
DA:16,9
DA:17,9
DA:18,3
DA:19,3
DA:21,9
DA:22,3
DA:23,3
DA:25,9
DA:26,3
DA:27,3
DA:29,9
DA:30,3
DA:31,3
DA:32,3
DA:33,3
DA:43,1
DA:45,1
DA:46,1
DA:47,555
DA:48,555
DA:51,1
DA:55,1
DA:57,1
DA:59,1
DA:60,1
DA:61,1
DA:62,1
DA:63,1
DA:64,1
DA:65,1
DA:66,1
LF:33
LH:33
BRDA:15,0,0,0
BRDA:15,0,1,9
BRF:2
BRH:1
end_of_record
